<?xml version="1.0" encoding="UTF-8"?>
<!-- Generated by org.testng.reporters.JUnitReportReporter -->
<testsuite hostname="DESKTOP-J0IEVFN" failures="0" tests="1" name="Selenium.Selenium.Frames" time="4.591" errors="0" timestamp="2022-07-11T10:43:05 IST" skipped="0">
  <testcase classname="Selenium.Selenium.Frames" name="Frames_Function" time="4.591"/>
  <system-out/>
</testsuite> <!-- Selenium.Selenium.Frames -->
