<?xml version="1.0" encoding="UTF-8"?>
<!-- Generated by org.testng.reporters.JUnitReportReporter -->
<testsuite hostname="DESKTOP-J0IEVFN" failures="0" tests="2" name="Selenium.Selenium.Launch_Chrome" time="39.890" errors="0" timestamp="2022-07-04T07:06:42 IST" skipped="0">
  <testcase classname="Selenium.Selenium.Launch_Chrome" name="NewUser_Registration" time="20.314"/>
  <system-out/>
  <testcase classname="Selenium.Selenium.Launch_Chrome" name="User_Login" time="19.576"/>
  <system-out/>
</testsuite> <!-- Selenium.Selenium.Launch_Chrome -->
