<?xml version="1.0" encoding="UTF-8"?>
<!-- Generated by org.testng.reporters.JUnitReportReporter -->
<testsuite hostname="DESKTOP-J0IEVFN" failures="0" tests="1" name="Selenium.Selenium.Mouse_Keybord_Opration" time="11.820" errors="0" timestamp="2022-07-06T12:42:23 IST" skipped="0">
  <testcase classname="Selenium.Selenium.Mouse_Keybord_Opration" name="Using_ActionClass" time="11.820"/>
  <system-out/>
</testsuite> <!-- Selenium.Selenium.Mouse_Keybord_Opration -->
