<?xml version="1.0" encoding="UTF-8"?>
<!-- Generated by org.testng.reporters.JUnitReportReporter -->
<testsuite hostname="DESKTOP-J0IEVFN" failures="0" tests="1" name="Selenium.Selenium.DisableTextBox" time="9.492" errors="0" timestamp="2022-07-05T12:30:28 IST" skipped="0">
  <testcase classname="Selenium.Selenium.DisableTextBox" name="Take_ScreenShot" time="9.492"/>
  <system-out/>
</testsuite> <!-- Selenium.Selenium.DisableTextBox -->
