<?xml version="1.0" encoding="UTF-8"?>
<!-- Generated by org.testng.reporters.JUnitReportReporter -->
<testsuite hostname="DESKTOP-J0IEVFN" failures="0" tests="5" name="Selenium.Selenium.TestNG_Types" time="0.040" errors="0" timestamp="2022-07-13T12:35:45 IST" skipped="0">
  <testcase classname="Selenium.Selenium.TestNG_Types" name="test" time="0.009"/>
  <system-out>
    <![CDATA[test]]>
  </system-out>
  <testcase classname="Selenium.Selenium.TestNG_Types" name="test2" time="0.005"/>
  <system-out>
    <![CDATA[test2]]>
  </system-out>
  <testcase classname="Selenium.Selenium.TestNG_Types" name="test1" time="0.015"/>
  <system-out>
    <![CDATA[test1]]>
  </system-out>
  <testcase classname="Selenium.Selenium.TestNG_Types" name="test1" time="0.008"/>
  <system-out>
    <![CDATA[test1]]>
  </system-out>
  <testcase classname="Selenium.Selenium.TestNG_Types" name="test1" time="0.003"/>
  <system-out>
    <![CDATA[test1]]>
  </system-out>
</testsuite> <!-- Selenium.Selenium.TestNG_Types -->
