<?xml version="1.0" encoding="UTF-8"?>
<!-- Generated by org.testng.reporters.JUnitReportReporter -->
<testsuite hostname="DESKTOP-J0IEVFN" failures="0" tests="1" name="Selenium.Selenium.Web_Element" time="15.997" errors="0" timestamp="2022-07-15T12:23:59 IST" skipped="0">
  <testcase classname="Selenium.Selenium.Web_Element" name="User_Clear_And_Sendkeys_Method" time="15.997"/>
  <system-out/>
</testsuite> <!-- Selenium.Selenium.Web_Element -->
