<?xml version="1.0" encoding="UTF-8"?>
<!-- Generated by org.testng.reporters.JUnitReportReporter -->
<testsuite hostname="DESKTOP-J0IEVFN" failures="0" tests="1" name="Selenium.Selenium.ScreenShot" time="20.842" errors="0" timestamp="2022-07-13T12:18:29 IST" skipped="0">
  <testcase classname="Selenium.Selenium.ScreenShot" name="Take_ScreenShot" time="20.842"/>
  <system-out/>
</testsuite> <!-- Selenium.Selenium.ScreenShot -->
