<?xml version="1.0" encoding="UTF-8"?>
<!-- Generated by org.testng.reporters.JUnitReportReporter -->
<testsuite hostname="DESKTOP-J0IEVFN" failures="0" tests="1" name="Selenium.Selenium.Action_Class_Methods" time="28.694" errors="0" timestamp="2022-07-07T11:33:00 IST" skipped="0">
  <testcase classname="Selenium.Selenium.Action_Class_Methods" name="Using_Google_ShortCut" time="28.694"/>
  <system-out/>
</testsuite> <!-- Selenium.Selenium.Action_Class_Methods -->
