<?xml version="1.0" encoding="UTF-8"?>
<!-- Generated by org.testng.reporters.JUnitReportReporter -->
<testsuite hostname="DESKTOP-J0IEVFN" failures="0" tests="1" name="Selenium.Selenium.Facebook_Login" time="18.789" errors="0" timestamp="2022-07-06T09:18:35 IST" skipped="0">
  <testcase classname="Selenium.Selenium.Facebook_Login" name="NewUser_Registration" time="18.789"/>
  <system-out/>
</testsuite> <!-- Selenium.Selenium.Facebook_Login -->
