<?xml version="1.0" encoding="UTF-8"?>
<!-- Generated by org.testng.reporters.JUnitReportReporter -->
<testsuite hostname="DESKTOP-J0IEVFN" failures="0" tests="1" name="Selenium.Selenium.Pop_Up" time="15.736" errors="0" timestamp="2022-07-09T06:30:46 IST" skipped="0">
  <testcase classname="Selenium.Selenium.Pop_Up" name="Prompt_Alert_Box" time="15.736"/>
  <system-out/>
</testsuite> <!-- Selenium.Selenium.Pop_Up -->
