<?xml version="1.0" encoding="UTF-8"?>
<!-- Generated by org.testng.reporters.JUnitReportReporter -->
<testsuite hostname="DESKTOP-J0IEVFN" failures="0" tests="1" name="Selenium.Selenium.Auto_Suggestion_ListBox" time="9.282" errors="0" timestamp="2022-07-10T13:04:54 IST" skipped="0">
  <testcase classname="Selenium.Selenium.Auto_Suggestion_ListBox" name="Auto_Sugg_ListBox" time="9.282"/>
  <system-out/>
</testsuite> <!-- Selenium.Selenium.Auto_Suggestion_ListBox -->
