<?xml version="1.0" encoding="UTF-8"?>
<!-- Generated by org.testng.reporters.JUnitReportReporter -->
<testsuite hostname="DESKTOP-J0IEVFN" failures="0" tests="1" name="Selenium.Selenium.File_Downlode_PopUp" time="18.537" errors="0" timestamp="2022-07-12T11:04:26 IST" skipped="0">
  <testcase classname="Selenium.Selenium.File_Downlode_PopUp" name="File_Download" time="18.537"/>
  <system-out/>
</testsuite> <!-- Selenium.Selenium.File_Downlode_PopUp -->
