<?xml version="1.0" encoding="UTF-8"?>
<!-- Generated by org.testng.reporters.JUnitReportReporter -->
<testsuite hostname="DESKTOP-J0IEVFN" failures="0" tests="1" name="Selenium.Selenium.Select_Class" time="5.258" errors="0" timestamp="2022-07-09T17:42:47 IST" skipped="0">
  <testcase classname="Selenium.Selenium.Select_Class" name="NewUser_Registration" time="5.258"/>
  <system-out/>
</testsuite> <!-- Selenium.Selenium.Select_Class -->
