<?xml version="1.0" encoding="UTF-8"?>
<!-- Generated by org.testng.reporters.JUnitReportReporter -->
<testsuite hostname="DESKTOP-J0IEVFN" failures="0" tests="1" name="Selenium.Selenium.Web_Table" time="1.044" errors="0" timestamp="2022-07-10T10:03:31 IST" skipped="0">
  <testcase classname="Selenium.Selenium.Web_Table" name="Web_Table_TotalMark_equalto_Sum" time="1.044"/>
  <system-out/>
</testsuite> <!-- Selenium.Selenium.Web_Table -->
