<?xml version="1.0" encoding="UTF-8"?>
<!-- Generated by org.testng.reporters.JUnitReportReporter -->
<testsuite hostname="DESKTOP-J0IEVFN" failures="0" tests="1" name="Selenium.Selenium.Facebook_Reg_Login" time="19.762" errors="0" timestamp="2022-07-14T08:01:31 IST" skipped="0">
  <testcase classname="Selenium.Selenium.Facebook_Reg_Login" name="User_Login" time="19.762"/>
  <system-out/>
</testsuite> <!-- Selenium.Selenium.Facebook_Reg_Login -->
