<?xml version="1.0" encoding="UTF-8"?>
<!-- Generated by org.testng.reporters.JUnitReportReporter -->
<testsuite hostname="DESKTOP-J0IEVFN" failures="0" tests="1" name="Selenium.Selenium.Robot_Class_Mouse_Keybord_Opration" time="12.138" errors="0" timestamp="2022-07-13T12:18:29 IST" skipped="0">
  <testcase classname="Selenium.Selenium.Robot_Class_Mouse_Keybord_Opration" name="Using_RobotClass" time="12.138"/>
  <system-out/>
</testsuite> <!-- Selenium.Selenium.Robot_Class_Mouse_Keybord_Opration -->
